<?xml version="1.0" encoding="UTF-8"?>
<!-- Generated by org.testng.reporters.JUnitXMLReporter -->
<testsuite ignored="0" hostname="Asus" failures="0" tests="6" name="Default test" time="15.169" errors="0" timestamp="2026-07-12T00:00:54 IST">
  <testcase classname="Tests.ExcelTestDataHandling" name="loginIntoApplication" time="0.457"/>
  <testcase classname="Tests.ExcelTestDataHandling" name="loginIntoApplication" time="0.928"/>
  <testcase classname="Tests.ExcelTestDataHandling" name="loginIntoApplication" time="0.401"/>
  <testcase classname="Tests.ExcelTestDataHandling" name="loginIntoApplication" time="0.653"/>
  <testcase classname="Tests.ExcelTestDataHandling" name="loginIntoApplication" time="0.378"/>
  <testcase classname="Tests.ExcelTestDataHandling" name="loginIntoApplication" time="0.74"/>
</testsuite> <!-- Default test -->
