<?xml version="1.0" encoding="UTF-8"?>
<!-- Generated by org.testng.reporters.JUnitReportReporter -->
<testsuite hostname="Asus" failures="0" tests="6" name="Tests.ExcelTestDataHandling" time="14.111" errors="0" timestamp="2026-07-12T00:00:54 IST" skipped="0">
  <testcase classname="Tests.ExcelTestDataHandling" name="loginIntoApplication" time="2.428"/>
  <testcase classname="Tests.ExcelTestDataHandling" name="loginIntoApplication" time="2.323"/>
  <testcase classname="Tests.ExcelTestDataHandling" name="loginIntoApplication" time="1.719"/>
  <testcase classname="Tests.ExcelTestDataHandling" name="loginIntoApplication" time="2.085"/>
  <testcase classname="Tests.ExcelTestDataHandling" name="loginIntoApplication" time="3.416"/>
  <testcase classname="Tests.ExcelTestDataHandling" name="loginIntoApplication" time="2.140"/>
</testsuite> <!-- Tests.ExcelTestDataHandling -->
